#
# There is insufficient memory for the Java Runtime Environment to continue.
# Native memory allocation (mmap) failed to map 67108864 bytes for G1 virtual space
# Possible reasons:
#   The system is out of physical RAM or swap space
#   The process is running with CompressedOops enabled, and the Java Heap may be blocking the growth of the native heap
# Possible solutions:
#   Reduce memory load on the system
#   Increase physical memory or swap space
#   Check if swap backing store is full
#   Decrease Java heap size (-Xmx/-Xms)
#   Decrease number of Java threads
#   Decrease Java thread stack sizes (-Xss)
#   Set larger code cache with -XX:ReservedCodeCacheSize=
#   JVM is running with Unscaled Compressed Oops mode in which the Java heap is
#     placed in the first 4GB address space. The Java Heap base address is the
#     maximum limit for the native heap growth. Please use -XX:HeapBaseMinAddress
#     to set the Java Heap base and to place the Java Heap above 4GB virtual address.
# This output file may be truncated or incomplete.
#
#  Out of Memory Error (os_windows.cpp:3600), pid=936, tid=14004
#
# JRE version:  (21.0.2+13) (build )
# Java VM: OpenJDK 64-Bit Server VM (21.0.2+13-LTS, mixed mode, sharing, tiered, compressed oops, compressed class ptrs, g1 gc, windows-amd64)
# No core dump will be written. Minidumps are not enabled by default on client versions of Windows
#

---------------  S U M M A R Y ------------

Command Line: -Dmaven.multiModuleProjectDirectory=D:\Downloads\UFSM\poow\projetos\aluga-junto -Djansi.passthrough=true -Dmaven.home=C:\Program Files\JetBrains\IntelliJ IDEA 2023.3.6\plugins\maven\lib\maven3 -Dclassworlds.conf=C:\Program Files\JetBrains\IntelliJ IDEA 2023.3.6\plugins\maven\lib\maven3\bin\m2.conf -Dmaven.ext.class.path=C:\Program Files\JetBrains\IntelliJ IDEA 2023.3.6\plugins\maven\lib\maven-event-listener.jar -javaagent:C:\Program Files\JetBrains\IntelliJ IDEA 2023.3.6\lib\idea_rt.jar=51781:C:\Program Files\JetBrains\IntelliJ IDEA 2023.3.6\bin -Dfile.encoding=UTF-8 -Dsun.stdout.encoding=UTF-8 -Dsun.stderr.encoding=UTF-8 org.codehaus.classworlds.Launcher -Didea.version=2023.3.6 deploy

Host: Intel(R) Core(TM) i3-4030U CPU @ 1.90GHz, 4 cores, 3G,  Windows 10 , 64 bit Build 19041 (10.0.19041.3636)
Time: Mon Jun 10 20:10:26 2024 Hora oficial do Brasil elapsed time: 1.504950 seconds (0d 0h 0m 1s)

---------------  T H R E A D  ---------------

Current thread (0x00000236c735f5a0):  JavaThread "Unknown thread" [_thread_in_vm, id=14004, stack(0x000000c624f00000,0x000000c625000000) (1024K)]

Stack: [0x000000c624f00000,0x000000c625000000]
Native frames: (J=compiled Java code, j=interpreted, Vv=VM code, C=native code)
V  [jvm.dll+0x6d47f9]
V  [jvm.dll+0x8afff3]
V  [jvm.dll+0x8b234e]
V  [jvm.dll+0x8b2a33]
V  [jvm.dll+0x284e96]
V  [jvm.dll+0x6d0fc5]
V  [jvm.dll+0x6c56fa]
V  [jvm.dll+0x35bb9b]
V  [jvm.dll+0x363746]
V  [jvm.dll+0x3b4c06]
V  [jvm.dll+0x3b4ed8]
V  [jvm.dll+0x32f2dc]
V  [jvm.dll+0x32ffcb]
V  [jvm.dll+0x878169]
V  [jvm.dll+0x3c1fd1]
V  [jvm.dll+0x860b88]
V  [jvm.dll+0x455c1e]
V  [jvm.dll+0x4576f1]
C  [jli.dll+0x52ab]
C  [ucrtbase.dll+0x21bb2]
C  [KERNEL32.DLL+0x17344]
C  [ntdll.dll+0x526b1]


---------------  P R O C E S S  ---------------

Threads class SMR info:
_java_thread_list=0x00007ffaa062c048, length=0, elements={
}

Java Threads: ( => current thread )
Total: 0

Other Threads:
  0x00000236c9567940 WorkerThread "GC Thread#0"                     [id=11100, stack(0x000000c625000000,0x000000c625100000) (1024K)]
  0x00000236c95707a0 ConcurrentGCThread "G1 Main Marker"            [id=3452, stack(0x000000c625100000,0x000000c625200000) (1024K)]
  0x00000236c9571950 WorkerThread "G1 Conc#0"                       [id=12640, stack(0x000000c625200000,0x000000c625300000) (1024K)]

[error occurred during error reporting (printing all threads), id 0xc0000005, EXCEPTION_ACCESS_VIOLATION (0xc0000005) at pc=0x00007ffa9fd32437]
VM state: not at safepoint (not fully initialized)

VM Mutex/Monitor currently owned by a thread:  ([mutex/lock_event])
[0x00007ffaa06a0238] Heap_lock - owner thread: 0x00000236c735f5a0

Heap address: 0x00000000c1200000, size: 1006 MB, Compressed Oops mode: 32-bit

CDS archive(s) mapped at: [0x0000000000000000-0x0000000000000000-0x0000000000000000), size 0, SharedBaseAddress: 0x0000000800000000, ArchiveRelocationMode: 1.
Narrow klass base: 0x0000000000000000, Narrow klass shift: 0, Narrow klass range: 0x0

GC Precious Log:
 CardTable entry size: 512
 Card Set container configuration: InlinePtr #cards 5 size 8 Array Of Cards #cards 12 size 40 Howl #buckets 4 coarsen threshold 1843 Howl Bitmap #cards 512 size 80 coarsen threshold 460 Card regions per heap region 1 cards per card region 2048

Heap:
 garbage-first heap   total 0K, used 0K [0x00000000c1200000, 0x0000000100000000)
  region size 1024K, 0 young (0K), 0 survivors (0K)

[error occurred during error reporting (printing heap information), id 0xc0000005, EXCEPTION_ACCESS_VIOLATION (0xc0000005) at pc=0x00007ffaa011d5d9]
GC Heap History (0 events):
No events

Dll operation events (1 events):
Event: 1.019 Loaded shared library C:\Users\Luciane\.jdks\corretto-21.0.2\bin\java.dll

Deoptimization events (0 events):
No events

Classes loaded (0 events):
No events

Classes unloaded (0 events):
No events

Classes redefined (0 events):
No events

Internal exceptions (0 events):
No events

ZGC Phase Switch (0 events):
No events

VM Operations (0 events):
No events

Events (0 events):
No events


Dynamic libraries:
0x00007ff7298d0000 - 0x00007ff7298de000 	C:\Users\Luciane\.jdks\corretto-21.0.2\bin\java.exe
0x00007ffadff70000 - 0x00007ffae0168000 	C:\WINDOWS\SYSTEM32\ntdll.dll
0x00007ffadf7f0000 - 0x00007ffadf8ad000 	C:\WINDOWS\System32\KERNEL32.DLL
0x00007ffadcf70000 - 0x00007ffadd266000 	C:\WINDOWS\System32\KERNELBASE.dll
0x00007ffadd4e0000 - 0x00007ffadd5e0000 	C:\WINDOWS\System32\ucrtbase.dll
0x00007ffad4520000 - 0x00007ffad4538000 	C:\Users\Luciane\.jdks\corretto-21.0.2\bin\jli.dll
0x00007ffad9440000 - 0x00007ffad945b000 	C:\Users\Luciane\.jdks\corretto-21.0.2\bin\VCRUNTIME140.dll
0x00007ffadfc30000 - 0x00007ffadfdcf000 	C:\WINDOWS\System32\USER32.dll
0x00007ffadce90000 - 0x00007ffadceb2000 	C:\WINDOWS\System32\win32u.dll
0x00007ffac8ee0000 - 0x00007ffac917a000 	C:\WINDOWS\WinSxS\amd64_microsoft.windows.common-controls_6595b64144ccf1df_6.0.19041.4355_none_60b8b9eb71f62e16\COMCTL32.dll
0x00007ffadddd0000 - 0x00007ffadddfb000 	C:\WINDOWS\System32\GDI32.dll
0x00007ffadde00000 - 0x00007ffadde9e000 	C:\WINDOWS\System32\msvcrt.dll
0x00007ffadcc30000 - 0x00007ffadcd47000 	C:\WINDOWS\System32\gdi32full.dll
0x00007ffadcd80000 - 0x00007ffadce1d000 	C:\WINDOWS\System32\msvcp_win.dll
0x00007ffadf490000 - 0x00007ffadf4c2000 	C:\WINDOWS\System32\IMM32.DLL
0x00007ffad7ca0000 - 0x00007ffad7cac000 	C:\Users\Luciane\.jdks\corretto-21.0.2\bin\vcruntime140_1.dll
0x00007ffac86a0000 - 0x00007ffac872d000 	C:\Users\Luciane\.jdks\corretto-21.0.2\bin\msvcp140.dll
0x00007ffa9f9f0000 - 0x00007ffaa0780000 	C:\Users\Luciane\.jdks\corretto-21.0.2\bin\server\jvm.dll
0x00007ffade170000 - 0x00007ffade220000 	C:\WINDOWS\System32\ADVAPI32.dll
0x00007ffaddf10000 - 0x00007ffaddfb0000 	C:\WINDOWS\System32\sechost.dll
0x00007ffadf180000 - 0x00007ffadf2a3000 	C:\WINDOWS\System32\RPCRT4.dll
0x00007ffadd300000 - 0x00007ffadd327000 	C:\WINDOWS\System32\bcrypt.dll
0x00007ffadd8f0000 - 0x00007ffadd95b000 	C:\WINDOWS\System32\WS2_32.dll
0x00007ffadc790000 - 0x00007ffadc7db000 	C:\WINDOWS\SYSTEM32\POWRPROF.dll
0x00007ffaca7e0000 - 0x00007ffaca807000 	C:\WINDOWS\SYSTEM32\WINMM.dll
0x00007ffad4d30000 - 0x00007ffad4d3a000 	C:\WINDOWS\SYSTEM32\VERSION.dll
0x00007ffadc770000 - 0x00007ffadc782000 	C:\WINDOWS\SYSTEM32\UMPDC.dll
0x00007ffadaac0000 - 0x00007ffadaad2000 	C:\WINDOWS\SYSTEM32\kernel.appcore.dll
0x00007ffad4500000 - 0x00007ffad450a000 	C:\Users\Luciane\.jdks\corretto-21.0.2\bin\jimage.dll
0x00007ffad4a10000 - 0x00007ffad4bf4000 	C:\WINDOWS\SYSTEM32\DBGHELP.DLL
0x00007ffad3dd0000 - 0x00007ffad3e04000 	C:\WINDOWS\SYSTEM32\dbgcore.DLL
0x00007ffadd270000 - 0x00007ffadd2f2000 	C:\WINDOWS\System32\bcryptPrimitives.dll
0x00007ffaca440000 - 0x00007ffaca44e000 	C:\Users\Luciane\.jdks\corretto-21.0.2\bin\instrument.dll
0x00007ffad22b0000 - 0x00007ffad22cf000 	C:\Users\Luciane\.jdks\corretto-21.0.2\bin\java.dll

dbghelp: loaded successfully - version: 4.0.5 - missing functions: none
symbol engine: initialized successfully - sym options: 0x614 - pdb path: .;C:\Users\Luciane\.jdks\corretto-21.0.2\bin;C:\WINDOWS\SYSTEM32;C:\WINDOWS\WinSxS\amd64_microsoft.windows.common-controls_6595b64144ccf1df_6.0.19041.4355_none_60b8b9eb71f62e16;C:\Users\Luciane\.jdks\corretto-21.0.2\bin\server

VM Arguments:
jvm_args: -Dmaven.multiModuleProjectDirectory=D:\Downloads\UFSM\poow\projetos\aluga-junto -Djansi.passthrough=true -Dmaven.home=C:\Program Files\JetBrains\IntelliJ IDEA 2023.3.6\plugins\maven\lib\maven3 -Dclassworlds.conf=C:\Program Files\JetBrains\IntelliJ IDEA 2023.3.6\plugins\maven\lib\maven3\bin\m2.conf -Dmaven.ext.class.path=C:\Program Files\JetBrains\IntelliJ IDEA 2023.3.6\plugins\maven\lib\maven-event-listener.jar -javaagent:C:\Program Files\JetBrains\IntelliJ IDEA 2023.3.6\lib\idea_rt.jar=51781:C:\Program Files\JetBrains\IntelliJ IDEA 2023.3.6\bin -Dfile.encoding=UTF-8 -Dsun.stdout.encoding=UTF-8 -Dsun.stderr.encoding=UTF-8 
java_command: org.codehaus.classworlds.Launcher -Didea.version=2023.3.6 deploy
java_class_path (initial): C:\Program Files\JetBrains\IntelliJ IDEA 2023.3.6\plugins\maven\lib\maven3\boot\plexus-classworlds-2.7.0.jar;C:\Program Files\JetBrains\IntelliJ IDEA 2023.3.6\plugins\maven\lib\maven3\boot\plexus-classworlds.license
Launcher Type: SUN_STANDARD

[Global flags]
     intx CICompilerCount                          = 3                                         {product} {ergonomic}
     uint ConcGCThreads                            = 1                                         {product} {ergonomic}
     uint G1ConcRefinementThreads                  = 4                                         {product} {ergonomic}
   size_t G1HeapRegionSize                         = 1048576                                   {product} {ergonomic}
    uintx GCDrainStackTargetSize                   = 64                                        {product} {ergonomic}
   size_t InitialHeapSize                          = 67108864                                  {product} {ergonomic}
   size_t MarkStackSize                            = 4194304                                   {product} {ergonomic}
   size_t MaxHeapSize                              = 1054867456                                {product} {ergonomic}
   size_t MinHeapDeltaBytes                        = 1048576                                   {product} {ergonomic}
   size_t MinHeapSize                              = 8388608                                   {product} {ergonomic}
    uintx NonNMethodCodeHeapSize                   = 5832780                                {pd product} {ergonomic}
    uintx NonProfiledCodeHeapSize                  = 122912730                              {pd product} {ergonomic}
    uintx ProfiledCodeHeapSize                     = 122912730                              {pd product} {ergonomic}
    uintx ReservedCodeCacheSize                    = 251658240                              {pd product} {ergonomic}
     bool SegmentedCodeCache                       = true                                      {product} {ergonomic}
   size_t SoftMaxHeapSize                          = 1054867456                             {manageable} {ergonomic}
     bool UseCompressedOops                        = true                           {product lp64_product} {ergonomic}
     bool UseG1GC                                  = true                                      {product} {ergonomic}
     bool UseLargePagesIndividualAllocation        = false                                  {pd product} {ergonomic}

Logging:
Log output configuration:
 #0: stdout all=warning uptime,level,tags foldmultilines=false
 #1: stderr all=off uptime,level,tags foldmultilines=false

Environment Variables:
JAVA_HOME=C:\Program Files\Java\jre-1.8
PATH=C:\Program Files (x86)\Common Files\Oracle\Java\javapath;C:\Program Files (x86)\NVIDIA Corporation\PhysX\Common;C:\ProgramData\Oracle\Java\javapath;C:\Program Files\Common Files\Microsoft Shared\Windows Live;C:\Program Files (x86)\Common Files\Microsoft Shared\Windows Live;C:\Program Files (x86)\Intel\iCLS Client\;C:\Program Files\Intel\iCLS Client\;C:\WINDOWS\system32;C:\WINDOWS;C:\WINDOWS\System32\Wbem;C:\WINDOWS\System32\WindowsPowerShell\v1.0\;C:\Program Files\Intel\Intel(R) Management Engine Components\DAL;C:\Program Files (x86)\Intel\Intel(R) Management Engine Components\DAL;C:\Program Files\Intel\Intel(R) Management Engine Components\IPT;C:\Program Files (x86)\Intel\Intel(R) Management Engine Components\IPT;C:\Program Files (x86)\Windows Live\Shared;C:\Program Files\dotnet\;C:\WINDOWS\System32\OpenSSH\;D:\LUCIANE\Downloads\GIT\Git\cmd;C:\Program Files\Java\jre-1.8\bin;C:\Program Files\JetBrains\IntelliJ IDEA 2023.3.6\bin;;C:\Users\Luciane\AppData\Local\Microsoft\WindowsApps;;C:\Program Files\JetBrains\IntelliJ IDEA Community Edition 2023.3.4\bin;;C:\Users\Luciane\AppData\Local\Programs\Microsoft VS Code\bin
USERNAME=Laura
OS=Windows_NT
PROCESSOR_IDENTIFIER=Intel64 Family 6 Model 69 Stepping 1, GenuineIntel
TMP=C:\Users\Luciane\AppData\Local\Temp
TEMP=C:\Users\Luciane\AppData\Local\Temp




Periodic native trim disabled

---------------  S Y S T E M  ---------------

OS:
 Windows 10 , 64 bit Build 19041 (10.0.19041.3636)
OS uptime: 22 days 23:42 hours

CPU: total 4 (initial active 4) (2 cores per cpu, 2 threads per core) family 6 model 69 stepping 1 microcode 0x25, cx8, cmov, fxsr, ht, mmx, sse, sse2, sse3, ssse3, sse4.1, sse4.2, popcnt, lzcnt, tsc, tscinvbit, avx, avx2, aes, erms, clmul, bmi1, bmi2, fma, vzeroupper, clflush, rdtscp, f16c
Processor Information for all 4 processors :
  Max Mhz: 1901, Current Mhz: 1800, Mhz Limit: 1881

Memory: 4k page, system-wide physical 4023M (234M free)
TotalPageFile size 8116M (AvailPageFile size 40M)
current process WorkingSet (physical memory assigned to process): 10M, peak: 10M
current process commit charge ("private bytes"): 51M, peak: 115M

vm_info: OpenJDK 64-Bit Server VM (21.0.2+13-LTS) for windows-amd64 JRE (21.0.2+13-LTS), built on 2024-01-10T23:18:03Z by "Administrator" with MS VC++ 16.10 / 16.11 (VS2019)

END.
